Arguments: 
  /home/gscarv13/.nvm/versions/node/v16.1.0/bin/node /home/gscarv13/.nvm/versions/node/v16.1.0/bin/yarn add react react-dom rescript-react

PATH: 
  /opt/firefox/firefox:/home/gscarv13/.rbenv/shims:/home/gscarv13/.rbenv/bin:/home/gscarv13/Microverse/React/react-rescript/node_modules/.bin:/opt/firefox/firefox:/home/gscarv13/.rbenv/shims:/home/gscarv13/.nvm/versions/node/v16.1.0/bin:/home/gscarv13/.rbenv/bin:/home/gscarv13/.cargo/bin:/home/gscarv13/.local/bin:/usr/local/sbin:/usr/local/bin:/usr/sbin:/usr/bin:/sbin:/bin:/usr/games:/usr/local/games:/snap/bin:/snap/bin:/home/gscarv13/.dotnet/tools

Yarn version: 
  1.22.10

Node version: 
  16.1.0

Platform: 
  linux x64

Trace: 
  Error: https://registry.yarnpkg.com/rescript-react: Not found
      at Request.params.callback [as _callback] (/home/gscarv13/.nvm/versions/node/v16.1.0/lib/node_modules/yarn/lib/cli.js:66988:18)
      at Request.self.callback (/home/gscarv13/.nvm/versions/node/v16.1.0/lib/node_modules/yarn/lib/cli.js:140662:22)
      at Request.emit (node:events:365:28)
      at Request.<anonymous> (/home/gscarv13/.nvm/versions/node/v16.1.0/lib/node_modules/yarn/lib/cli.js:141634:10)
      at Request.emit (node:events:365:28)
      at IncomingMessage.<anonymous> (/home/gscarv13/.nvm/versions/node/v16.1.0/lib/node_modules/yarn/lib/cli.js:141556:12)
      at Object.onceWrapper (node:events:471:28)
      at IncomingMessage.emit (node:events:377:35)
      at endReadableNT (node:internal/streams/readable:1312:12)
      at processTicksAndRejections (node:internal/process/task_queues:83:21)

npm manifest: 
  {
    "name": "rescript-project-template",
    "version": "0.0.1",
    "scripts": {
      "build": "rescript",
      "build:deps": "rescript build -with-deps",
      "build:watch": "rescript build -w",
      "clean": "rescript clean -with-deps"
    },
    "keywords": [
      "rescript"
    ],
    "author": "",
    "license": "MIT",
    "dependencies": {
      "rescript": "*"
    }
  }

yarn manifest: 
  No manifest

Lockfile: 
  # THIS IS AN AUTOGENERATED FILE. DO NOT EDIT THIS FILE DIRECTLY.
  # yarn lockfile v1
  
  
  rescript@*:
    version "9.1.4"
    resolved "https://registry.yarnpkg.com/rescript/-/rescript-9.1.4.tgz#1eb126f98d6c16942c0bf0df67c050198e580515"
    integrity sha512-aXANK4IqecJzdnDpJUsU6pxMViCR5ogAxzuqS0mOr8TloMnzAjJFu63fjD6LCkWrKAhlMkFFzQvVQYaAaVkFXw==
